# Logfile created on Wed Jun 30 01:56:43 -0400 2010 by logger.rb/22285
D, [2010-06-30T01:56:43.789468 #2506] DEBUG -- : REQUESTING PAGE: GET "http://forge.puppetlabs.com" with {} and HTTP headers {}
D, [2010-06-30T01:57:23.156486 #2532] DEBUG -- : REQUESTING PAGE: GET http://forge.puppetlabs.com with {} and HTTP headers {}
D, [2010-06-30T01:57:23.391881 #2532] DEBUG -- : REQUESTING PAGE: GET /modules with {"commit"=>"Go", "q"=>"puppetlabs"} and HTTP headers {"HTTP_REFERER"=>"http://forge.puppetlabs.com"}
D, [2010-06-30T01:57:31.536269 #2537] DEBUG -- : REQUESTING PAGE: GET http://forge.puppetlabs.com with {} and HTTP headers {}
D, [2010-06-30T01:57:31.569088 #2537] DEBUG -- : REQUESTING PAGE: GET /modules with {"commit"=>"Go", "q"=>"puppetlabs"} and HTTP headers {"HTTP_REFERER"=>"http://forge.puppetlabs.com"}
D, [2010-06-30T01:57:38.677731 #2547] DEBUG -- : REQUESTING PAGE: GET http://forge.puppetlabs.com with {} and HTTP headers {}
D, [2010-06-30T01:57:38.713554 #2547] DEBUG -- : REQUESTING PAGE: GET /modules with {"commit"=>"Go", "q"=>"puppetlabs"} and HTTP headers {"HTTP_REFERER"=>"http://forge.puppetlabs.com"}
D, [2010-06-30T01:58:46.203374 #2611] DEBUG -- : REQUESTING PAGE: GET http://forge.puppetlabs.com with {} and HTTP headers {}
D, [2010-06-30T01:58:46.232607 #2611] DEBUG -- : REQUESTING PAGE: GET /modules with {"commit"=>"Go", "q"=>"puppetlabs"} and HTTP headers {"HTTP_REFERER"=>"http://forge.puppetlabs.com"}
D, [2010-06-30T01:59:10.067598 #2627] DEBUG -- : REQUESTING PAGE: GET http://forge.puppetlabs.com with {} and HTTP headers {}
D, [2010-06-30T01:59:10.095861 #2627] DEBUG -- : REQUESTING PAGE: GET /modules with {"commit"=>"Go", "q"=>"puppetlabs"} and HTTP headers {"HTTP_REFERER"=>"http://forge.puppetlabs.com"}
D, [2010-06-30T02:07:29.066366 #5542] DEBUG -- : REQUESTING PAGE: GET http://forge.puppetlabs.com with {} and HTTP headers {}
D, [2010-06-30T02:07:29.219214 #5542] DEBUG -- : REQUESTING PAGE: GET /modules with {"commit"=>"Go", "q"=>"puppetlabs"} and HTTP headers {"HTTP_REFERER"=>"http://forge.puppetlabs.com"}
D, [2010-06-30T02:13:19.144440 #7055] DEBUG -- : REQUESTING PAGE: GET http://forge.puppetlabs.com with {} and HTTP headers {}
D, [2010-06-30T02:13:28.593123 #7059] DEBUG -- : REQUESTING PAGE: GET http://forge.puppetlabs.com with {} and HTTP headers {}
D, [2010-06-30T02:14:24.706218 #7099] DEBUG -- : REQUESTING PAGE: GET http://forge.puppetlabs.com with {} and HTTP headers {}
D, [2010-06-30T02:17:19.270351 #8506] DEBUG -- : REQUESTING PAGE: GET http://forge.puppetlabs.com with {} and HTTP headers {}
D, [2010-06-30T02:17:34.518991 #8511] DEBUG -- : REQUESTING PAGE: GET http://forge.puppetlabs.com with {} and HTTP headers {}
D, [2010-06-30T02:17:34.710487 #8511] DEBUG -- : REQUESTING PAGE: GET /modules with {} and HTTP headers {"HTTP_REFERER"=>"http://forge.puppetlabs.com"}
D, [2010-06-30T02:19:25.105691 #9146] DEBUG -- : REQUESTING PAGE: GET http://forge.puppetlabs.com with {} and HTTP headers {}
D, [2010-06-30T02:19:25.298170 #9146] DEBUG -- : REQUESTING PAGE: GET /modules with {} and HTTP headers {"HTTP_REFERER"=>"http://forge.puppetlabs.com"}
D, [2010-06-30T02:29:17.513877 #12077] DEBUG -- : REQUESTING PAGE: GET http://forge.puppetlabs.com with {} and HTTP headers {}
D, [2010-06-30T02:29:17.737333 #12077] DEBUG -- : REQUESTING PAGE: GET /users/sign_in with {} and HTTP headers {"HTTP_REFERER"=>"http://forge.puppetlabs.com"}
D, [2010-06-30T02:30:51.760083 #13101] DEBUG -- : REQUESTING PAGE: GET http://forge.puppetlabs.com with {} and HTTP headers {}
D, [2010-06-30T02:30:51.926630 #13101] DEBUG -- : REQUESTING PAGE: GET /users/new with {} and HTTP headers {"HTTP_REFERER"=>"http://forge.puppetlabs.com"}
D, [2010-06-30T02:34:07.464932 #13556] DEBUG -- : REQUESTING PAGE: GET http://forge.puppetlabs.com with {} and HTTP headers {}
D, [2010-06-30T02:34:07.577148 #13556] DEBUG -- : REQUESTING PAGE: GET /modules/new with {} and HTTP headers {"HTTP_REFERER"=>"http://forge.puppetlabs.com"}
